(---------------------------------------------------------------------)
(                                                                     )
(    NC DRILL Log                                                     )
(                                                                     )
(    Drawing          : DevPack_Debug.brd                             )
(    Software Version : 16.6S026                                      )
(    Date/Time        : Tue Jan 27 14:50:13 2015                      )
(                                                                     )
(---------------------------------------------------------------------)



 Processing NC Parameters file 'nc_param.txt' ...

 NC PARAMETERS
 -------------

 FORMAT   		2.5
 MACHINE-OFFSET		x:0.000000	y:0.000000
 FEEDRATE		1
 COORDINATES		ABSOLUTE
 OUTPUT-UNITS		METRIC
 TOOL-ORDER		INCREASING
 REPEAT-CODES		YES
 SUPPRESS-LEAD-ZEROES	NO
 SUPPRESS-TRAIL-ZEROES	NO
 SUPPRESS-EQUAL		NO
 TOOL-SELECT		NO
 HEADER			none
 LEADER			12
 CODE			ASCII
 SEPARATE		YES
 SEPARATE-ROUTING	NO
 OPTIMIZE_DRILLING	NO
 ENHANCED_EXCELLON	NO
 SCALE			1.000000



 Drill files being output to directory 'C:/Users/a0132599/Documents/TI/Marketing/CC26xx SensorTag/Skin/Debug/Design' ...



     'DevPack_Debug-1-2.drl' created for holes connecting TOP and BOTTOM ; Plating = PLATED
     --------------------------------------------------------------------------------------

           Num     Size      +/- Tolerance     Plating   Quantity

            1.   0.2000    0.0000/  0.0000      PLATED        223
            2.   0.6500    0.0000/  0.0000      PLATED         10
            3.   0.7500    0.0000/  0.0000      PLATED         20

     ---- Total holes:                                        253

     ---- Total head travel:              6.44 feet (1.96 meters)




     'DevPack_Debug-1-2-np.drl' created for holes connecting TOP and BOTTOM ; Plating = NON_PLATED
     ---------------------------------------------------------------------------------------------

           Num     Size      +/- Tolerance     Plating   Quantity

            1.   0.9000    0.0000/  0.0000  NON_PLATED          4
            2.   1.0000    0.0000/  0.0000  NON_PLATED          3

     ---- Total holes:                                          7

     ---- Total head travel:              0.23 feet (0.07 meters)

