Removed Pin From Net: NetName=VSUP Pin=X1-1
Removed Pin From Net: NetName=GND Pin=X1-2
Removed Pin From Net: NetName=EM_CS Pin=X1-7
Removed Pin From Net: NetName=WAKE_UP Pin=X1-8
Removed Pin From Net: NetName=HRV_LOW Pin=X1-10
Removed Pin From Net: NetName=MCU_MOSI Pin=X1-11
Removed Pin From Net: NetName=BAT_LOW Pin=X1-12
Removed Pin From Net: NetName=MCU_MISO Pin=X1-13
Removed Pin From Net: NetName=VREG Pin=X1-14
Removed Pin From Net: NetName=MCU_SCLK Pin=X1-15
Removed Pin From Net: NetName=VCC_STS Pin=X1-16
Removed Pin From Net: NetName=VCC_LTS Pin=X1-18
Removed Pin From Net: NetName=REED_SWITCH Pin=X1-20
Added Pin To Net: NetName=GND Pin=X1-1
Added Pin To Net: NetName=VSUP Pin=X1-2
Added Pin To Net: NetName=WAKE_UP Pin=X1-7
Added Pin To Net: NetName=EM_CS Pin=X1-8
Added Pin To Net: NetName=HRV_LOW Pin=X1-9
Added Pin To Net: NetName=BAT_LOW Pin=X1-11
Added Pin To Net: NetName=MCU_MOSI Pin=X1-12
Added Pin To Net: NetName=VREG Pin=X1-13
Added Pin To Net: NetName=MCU_MISO Pin=X1-14
Added Pin To Net: NetName=VCC_STS Pin=X1-15
Added Pin To Net: NetName=MCU_SCLK Pin=X1-16
Added Pin To Net: NetName=VCC_LTS Pin=X1-17
Added Pin To Net: NetName=REED_SWITCH Pin=X1-19
