Change Component Designator: Old Designator=C14 New Designator=C1
Change Component Designator: Old Designator=C15 New Designator=C4
Change Component Designator: Old Designator=C16 New Designator=C5
Change Component Designator: Old Designator=C? New Designator=C2
Change Component Designator: Old Designator=C? New Designator=C3
Change Component Designator: Old Designator=C? New Designator=C6
Change Component Designator: Old Designator=C? New Designator=C7
Change Component Designator: Old Designator=C? New Designator=C8
Change Component Designator: Old Designator=C? New Designator=C9
Change Component Designator: Old Designator=C? New Designator=C10
Change Component Designator: Old Designator=C? New Designator=C11
Change Component Designator: Old Designator=D? New Designator=D1
Change Component Part ID : Designator=D1 Old Part ID =2 New Part ID =1
Change Component Designator: Old Designator=D? New Designator=D1
Change Component Part ID : Designator=D1 Old Part ID =3 New Part ID =4
Change Component Designator: Old Designator=D? New Designator=D1
Change Component Part ID : Designator=D1 Old Part ID =4 New Part ID =2
Change Component Designator: Old Designator=D? New Designator=D1
Change Component Part ID : Designator=D1 Old Part ID =4 New Part ID =3
Change Component Designator: Old Designator=D? New Designator=D2
Change Component Designator: Old Designator=L4 New Designator=L2
Change Component Designator: Old Designator=L? New Designator=L1
Change Component Designator: Old Designator=R16 New Designator=R2
Change Component Designator: Old Designator=R? New Designator=R1
Change Component Designator: Old Designator=R? New Designator=R3
Change Component Designator: Old Designator=S? New Designator=S1
Change Component Designator: Old Designator=T? New Designator=T1
Change Component Designator: Old Designator=TP? New Designator=TP1
Change Component Designator: Old Designator=TP? New Designator=TP2
Change Component Designator: Old Designator=TP? New Designator=TP3
Change Component Designator: Old Designator=TP? New Designator=TP4
Change Component Designator: Old Designator=TP? New Designator=TP5
Change Component Designator: Old Designator=TP? New Designator=TP6
Change Component Designator: Old Designator=TP? New Designator=TP7
Change Component Designator: Old Designator=TP? New Designator=TP8
Change Component Designator: Old Designator=TP? New Designator=TP9
Change Component Designator: Old Designator=TP? New Designator=TP10
Change Component Designator: Old Designator=TP? New Designator=TP11
Change Component Designator: Old Designator=TP? New Designator=TP12
Change Component Designator: Old Designator=TP? New Designator=TP13
Change Component Designator: Old Designator=TP? New Designator=TP14
Change Component Designator: Old Designator=TP? New Designator=TP15
Change Component Designator: Old Designator=TP? New Designator=TP16
Change Component Designator: Old Designator=TP? New Designator=TP17
Change Component Designator: Old Designator=TP? New Designator=TP18
Change Component Designator: Old Designator=TP? New Designator=TP19
Change Component Designator: Old Designator=TP? New Designator=TP20
Change Component Designator: Old Designator=TP? New Designator=TP21
Change Component Designator: Old Designator=TP? New Designator=TP22
Change Component Designator: Old Designator=U3 New Designator=U1
Change Component Designator: Old Designator=X? New Designator=X1
