(---------------------------------------------------------------------)
(                                                                     )
(    NC ROUTE Log                                                     )
(                                                                     )
(    Drawing          : DevPack_Debug.brd                             )
(    Software Version : 16.6S026                                      )
(    Date/Time        : Thu Dec 04 13:56:36 2014                      )
(                                                                     )
(---------------------------------------------------------------------)



 Processing NC Parameters file 'nc_param.txt' ...

 NC PARAMETERS
 -------------

 FORMAT   		2.5
 MACHINE-OFFSET		x:0.000000	y:0.000000
 FEEDRATE		1
 COORDINATES		ABSOLUTE
 OUTPUT-UNITS		METRIC
 TOOL-ORDER		INCREASING
 REPEAT-CODES		YES
 SUPPRESS-LEAD-ZEROES	NO
 SUPPRESS-TRAIL-ZEROES	NO
 SUPPRESS-EQUAL		NO
 TOOL-SELECT		NO
 HEADER			none
 LEADER			12
 CODE			ASCII
 SEPARATE		YES
 SEPARATE-ROUTING	NO
 OPTIMIZE_DRILLING	NO
 ENHANCED_EXCELLON	NO
 SCALE			1.000000


 WARNING(SPMHMF-326): Cannot find NC Route bit tool file 'ncroutebits.txt'
 WARNING(SPMHMF-327): ... will auto-generate bit tool file 'ncroutebits_auto.txt'.

 Auto-generating tool file 'ncroutebits_auto.txt' ...

     1.6000  T01       

-------------------------------------------------------------

 Pre_processing route path data ...

 WARNING(SPMHMF-301): No start point indicators found on the board.
 WARNING(SPMHMF-302): Start and end points for route paths will be selected at random.

-------------------------------------------------------------

 Processing route path data ...

 WARNING(SPMHMF-307): Start point indicator for route at (11.600000 32.595000) not found.
 WARNING(SPMHMF-308): Start point chosen at random.

 EXPLANATION OF 'START POINT INDICATORS' ...

 The direction in which a route path is cut can be
 controlled by adding the character '1' at (or near)
 the vertex that you want to be the start point of the cut.
 This character (referred to as a 'start point indicator')
 is added by using the ADD TEXT command.

 In the case of a complete loop, direction can be specified
 by adding the character '1' at the first point on the path
 and the character '2' at the second point along the path.


-------------------------------------------------------------

 Processing slot hole data ...

 WARNING(SPMHMF-322): No slot holes were found for processing.

-------------------------------------------------------------

 NC Route file 'DevPack_Debug.rou' created ...

-------------------------------------------------------------

 Program completed WITH WARNINGS.

